# JRE version: OpenJDK Runtime Environment (8.0_152) (build 1.8.0_152-release-1343-b16-5323222)
# Java VM: OpenJDK 64-Bit Server VM (25.152-b16-5323222 mixed mode linux-amd64 compressed oops)
Heap:
 PSYoungGen      total 341504K, used 0K [0x00000000e0000000, 0x00000000f7d80000, 0x0000000100000000)
  eden space 309760K, 0% used [0x00000000e0000000,0x00000000e0000000,0x00000000f2e80000)
  from space 31744K, 0% used [0x00000000f5e80000,0x00000000f5e80000,0x00000000f7d80000)
  to   space 39936K, 0% used [0x00000000f2f80000,0x00000000f2f80000,0x00000000f5680000)
 ParOldGen       total 120320K, used 68315K [0x00000000a0000000, 0x00000000a7580000, 0x00000000e0000000)
  object space 120320K, 56% used [0x00000000a0000000,0x00000000a42b6c18,0x00000000a7580000)
 Metaspace       used 93597K, capacity 98008K, committed 98584K, reserved 1134592K
  class space    used 12270K, capacity 13135K, committed 13344K, reserved 1048576K
GC Heap History (10 events):
Event: 178.706 GC heap after
Heap after GC invocations=15 (full 3):
 PSYoungGen      total 330240K, used 18425K [0x00000000e0000000, 0x00000000f6180000, 0x0000000100000000)
  eden space 302592K, 0% used [0x00000000e0000000,0x00000000e0000000,0x00000000f2780000)
  from space 27648K, 66% used [0x00000000f4680000,0x00000000f587e748,0x00000000f6180000)
  to   space 29696K, 0% used [0x00000000f2780000,0x00000000f2780000,0x00000000f4480000)
 ParOldGen       total 120320K, used 49257K [0x00000000a0000000, 0x00000000a7580000, 0x00000000e0000000)
  object space 120320K, 40% used [0x00000000a0000000,0x00000000a301a5e0,0x00000000a7580000)
 Metaspace       used 81183K, capacity 84480K, committed 84632K, reserved 1122304K
  class space    used 10704K, capacity 11329K, committed 11424K, reserved 1048576K
}
Event: 230.141 GC heap before
{Heap before GC invocations=16 (full 3):
 PSYoungGen      total 330240K, used 321017K [0x00000000e0000000, 0x00000000f6180000, 0x0000000100000000)
  eden space 302592K, 100% used [0x00000000e0000000,0x00000000f2780000,0x00000000f2780000)
  from space 27648K, 66% used [0x00000000f4680000,0x00000000f587e748,0x00000000f6180000)
  to   space 29696K, 0% used [0x00000000f2780000,0x00000000f2780000,0x00000000f4480000)
 ParOldGen       total 120320K, used 49257K [0x00000000a0000000, 0x00000000a7580000, 0x00000000e0000000)
  object space 120320K, 40% used [0x00000000a0000000,0x00000000a301a5e0,0x00000000a7580000)
 Metaspace       used 81764K, capacity 85184K, committed 85400K, reserved 1124352K
  class space    used 10714K, capacity 11347K, committed 11424K, reserved 1048576K
Event: 230.172 GC heap after
Heap after GC invocations=16 (full 3):
 PSYoungGen      total 332288K, used 16498K [0x00000000e0000000, 0x00000000f8000000, 0x0000000100000000)
  eden space 302592K, 0% used [0x00000000e0000000,0x00000000e0000000,0x00000000f2780000)
  from space 29696K, 55% used [0x00000000f2780000,0x00000000f379c968,0x00000000f4480000)
  to   space 29184K, 0% used [0x00000000f6380000,0x00000000f6380000,0x00000000f8000000)
 ParOldGen       total 120320K, used 49265K [0x00000000a0000000, 0x00000000a7580000, 0x00000000e0000000)
  object space 120320K, 40% used [0x00000000a0000000,0x00000000a301c5e0,0x00000000a7580000)
 Metaspace       used 81764K, capacity 85184K, committed 85400K, reserved 1124352K
  class space    used 10714K, capacity 11347K, committed 11424K, reserved 1048576K
}
Event: 603.970 GC heap before
{Heap before GC invocations=17 (full 3):
 PSYoungGen      total 332288K, used 319090K [0x00000000e0000000, 0x00000000f8000000, 0x0000000100000000)
  eden space 302592K, 100% used [0x00000000e0000000,0x00000000f2780000,0x00000000f2780000)
  from space 29696K, 55% used [0x00000000f2780000,0x00000000f379c968,0x00000000f4480000)
  to   space 29184K, 0% used [0x00000000f6380000,0x00000000f6380000,0x00000000f8000000)
 ParOldGen       total 120320K, used 49265K [0x00000000a0000000, 0x00000000a7580000, 0x00000000e0000000)
  object space 120320K, 40% used [0x00000000a0000000,0x00000000a301c5e0,0x00000000a7580000)
 Metaspace       used 84514K, capacity 88372K, committed 88728K, reserved 1126400K
  class space    used 11089K, capacity 11834K, committed 11936K, reserved 1048576K
Event: 604.053 GC heap after
Heap after GC invocations=17 (full 3):
 PSYoungGen      total 313856K, used 22742K [0x00000000e0000000, 0x00000000f7a00000, 0x0000000100000000)
  eden space 290816K, 0% used [0x00000000e0000000,0x00000000e0000000,0x00000000f1c00000)
  from space 23040K, 98% used [0x00000000f6380000,0x00000000f79b58b0,0x00000000f7a00000)
  to   space 31232K, 0% used [0x00000000f3d00000,0x00000000f3d00000,0x00000000f5b80000)
 ParOldGen       total 120320K, used 49273K [0x00000000a0000000, 0x00000000a7580000, 0x00000000e0000000)
  object space 120320K, 40% used [0x00000000a0000000,0x00000000a301e5e0,0x00000000a7580000)
 Metaspace       used 84514K, capacity 88372K, committed 88728K, reserved 1126400K
  class space    used 11089K, capacity 11834K, committed 11936K, reserved 1048576K
}
Event: 609.964 GC heap before
{Heap before GC invocations=18 (full 3):
 PSYoungGen      total 313856K, used 313558K [0x00000000e0000000, 0x00000000f7a00000, 0x0000000100000000)
  eden space 290816K, 100% used [0x00000000e0000000,0x00000000f1c00000,0x00000000f1c00000)
  from space 23040K, 98% used [0x00000000f6380000,0x00000000f79b58b0,0x00000000f7a00000)
  to   space 31232K, 0% used [0x00000000f3d00000,0x00000000f3d00000,0x00000000f5b80000)
 ParOldGen       total 120320K, used 49273K [0x00000000a0000000, 0x00000000a7580000, 0x00000000e0000000)
  object space 120320K, 40% used [0x00000000a0000000,0x00000000a301e5e0,0x00000000a7580000)
 Metaspace       used 87320K, capacity 91744K, committed 91928K, reserved 1128448K
  class space    used 11458K, capacity 12271K, committed 12320K, reserved 1048576K
Event: 610.052 GC heap after
Heap after GC invocations=18 (full 3):
 PSYoungGen      total 353792K, used 31218K [0x00000000e0000000, 0x00000000f8200000, 0x0000000100000000)
  eden space 322560K, 0% used [0x00000000e0000000,0x00000000e0000000,0x00000000f3b00000)
  from space 31232K, 99% used [0x00000000f3d00000,0x00000000f5b7c938,0x00000000f5b80000)
  to   space 36352K, 0% used [0x00000000f5e80000,0x00000000f5e80000,0x00000000f8200000)
 ParOldGen       total 120320K, used 51393K [0x00000000a0000000, 0x00000000a7580000, 0x00000000e0000000)
  object space 120320K, 42% used [0x00000000a0000000,0x00000000a3230588,0x00000000a7580000)
 Metaspace       used 87320K, capacity 91744K, committed 91928K, reserved 1128448K
  class space    used 11458K, capacity 12271K, committed 12320K, reserved 1048576K
}
Event: 1519.736 GC heap before
{Heap before GC invocations=19 (full 3):
 PSYoungGen      total 353792K, used 274650K [0x00000000e0000000, 0x00000000f8200000, 0x0000000100000000)
  eden space 322560K, 75% used [0x00000000e0000000,0x00000000eedba160,0x00000000f3b00000)
  from space 31232K, 99% used [0x00000000f3d00000,0x00000000f5b7c938,0x00000000f5b80000)
  to   space 36352K, 0% used [0x00000000f5e80000,0x00000000f5e80000,0x00000000f8200000)
 ParOldGen       total 120320K, used 51393K [0x00000000a0000000, 0x00000000a7580000, 0x00000000e0000000)
  object space 120320K, 42% used [0x00000000a0000000,0x00000000a3230588,0x00000000a7580000)
 Metaspace       used 93812K, capacity 98432K, committed 98584K, reserved 1134592K
  class space    used 12316K, capacity 13221K, committed 13344K, reserved 1048576K
Event: 1519.851 GC heap after
Heap after GC invocations=19 (full 3):
 PSYoungGen      total 341504K, used 31468K [0x00000000e0000000, 0x00000000f7d80000, 0x0000000100000000)
  eden space 309760K, 0% used [0x00000000e0000000,0x00000000e0000000,0x00000000f2e80000)
  from space 31744K, 99% used [0x00000000f5e80000,0x00000000f7d3b208,0x00000000f7d80000)
  to   space 39936K, 0% used [0x00000000f2f80000,0x00000000f2f80000,0x00000000f5680000)
 ParOldGen       total 120320K, used 61068K [0x00000000a0000000, 0x00000000a7580000, 0x00000000e0000000)
  object space 120320K, 50% used [0x00000000a0000000,0x00000000a3ba32a0,0x00000000a7580000)
 Metaspace       used 93812K, capacity 98432K, committed 98584K, reserved 1134592K
  class space    used 12316K, capacity 13221K, committed 13344K, reserved 1048576K
}
Event: 1519.869 GC heap before
{Heap before GC invocations=20 (full 4):
 PSYoungGen      total 341504K, used 31468K [0x00000000e0000000, 0x00000000f7d80000, 0x0000000100000000)
  eden space 309760K, 0% used [0x00000000e0000000,0x00000000e0000000,0x00000000f2e80000)
  from space 31744K, 99% used [0x00000000f5e80000,0x00000000f7d3b208,0x00000000f7d80000)
  to   space 39936K, 0% used [0x00000000f2f80000,0x00000000f2f80000,0x00000000f5680000)
 ParOldGen       total 120320K, used 61068K [0x00000000a0000000, 0x00000000a7580000, 0x00000000e0000000)
  object space 120320K, 50% used [0x00000000a0000000,0x00000000a3ba32a0,0x00000000a7580000)
 Metaspace       used 93812K, capacity 98432K, committed 98584K, reserved 1134592K
  class space    used 12316K, capacity 13221K, committed 13344K, reserved 1048576K

